<?xml version="1.0" encoding="UTF-8"?>
<!-- Generated by org.testng.reporters.JUnitXMLReporter -->
<testsuite ignored="2" hostname="LAPTOP-VSAFILMT" failures="0" tests="8" name="Loan Dept" time="0.123" errors="0" timestamp="2022-07-30T17:39:15 IST">
  <testcase classname="module1.Topic1" name="TestCase1" time="0.019"/>
  <testcase classname="module1.Topic1" name="TestCase2" time="0.002"/>
  <testcase classname="module1.Topic2" name="TestCase3" time="0.002"/>
  <testcase classname="module1.Topic2" name="TestCase4" time="0.003"/>
  <testcase classname="module1.Topic3" name="data" time="0.002"/>
  <testcase classname="module1.Topic3" name="demo" time="0.001"/>
  <testcase classname="module1.Topic4" name="TestCase7" time="0.001"/>
  <testcase classname="module1.Topic4" name="TestCase8" time="0.001"/>
  <testcase classname="module1.Topic3" name="TestCase6" time="0.0">
    <ignored/>
  </testcase> <!-- TestCase6 -->
  <testcase classname="module1.Topic3" name="TestCase5" time="0.0">
    <ignored/>
  </testcase> <!-- TestCase5 -->
</testsuite> <!-- Loan Dept -->
