<?xml version="1.0" encoding="UTF-8"?>
<!-- Generated by org.testng.reporters.JUnitXMLReporter -->
<testsuite ignored="0" hostname="LAPTOP-VSAFILMT" failures="0" tests="6" name="Loan Dept" time="0.106" errors="0" timestamp="2022-03-30T12:38:08 IST">
  <testcase classname="module1.Topic1" name="TestCase1" time="0.014"/>
  <testcase classname="module1.Topic1" name="TestCase2" time="0.003"/>
  <testcase classname="module1.Topic2" name="TestCase3" time="0.003"/>
  <testcase classname="module1.Topic2" name="TestCase4" time="0.001"/>
  <testcase classname="module1.Topic4" name="TestCase7" time="0.002"/>
  <testcase classname="module1.Topic4" name="TestCase8" time="0.002"/>
</testsuite> <!-- Loan Dept -->
