<?xml version="1.0" encoding="UTF-8"?>
<!-- Generated by org.testng.reporters.JUnitXMLReporter -->
<testsuite ignored="0" hostname="LAPTOP-VSAFILMT" failures="0" tests="8" name="Test" time="0.233" errors="0" timestamp="2022-03-30T12:34:56 IST">
  <testcase classname="module1.Topic4" name="TestCase7" time="0.029"/>
  <testcase classname="module1.Topic4" name="TestCase8" time="0.005"/>
  <testcase classname="module1.Topic2" name="TestCase3" time="0.003"/>
  <testcase classname="module1.Topic2" name="TestCase4" time="0.006"/>
  <testcase classname="module1.Topic3" name="TestCase5" time="0.004"/>
  <testcase classname="module1.Topic3" name="TestCase6" time="0.005"/>
  <testcase classname="module1.Topic1" name="TestCase1" time="0.005"/>
  <testcase classname="module1.Topic1" name="TestCase2" time="0.004"/>
</testsuite> <!-- Test -->
