<?xml version="1.0" encoding="UTF-8"?>
<testng-results ignored="2" total="10" passed="8" failed="0" skipped="0">
  <reporter-output>
  </reporter-output>
  <suite started-at="2022-07-30T17:39:15 IST" name="Banking" finished-at="2022-07-30T17:39:15 IST" duration-ms="123">
    <groups>
    </groups>
    <test started-at="2022-07-30T17:39:15 IST" name="Loan Dept" finished-at="2022-07-30T17:39:15 IST" duration-ms="123">
      <class name="module1.Topic2">
        <test-method signature="TestCase3()[pri:0, instance:module1.Topic2@7671cb68]" started-at="2022-07-30T17:39:15 IST" name="TestCase3" finished-at="2022-07-30T17:39:15 IST" duration-ms="2" status="PASS">
          <reporter-output>
          </reporter-output>
        </test-method> <!-- TestCase3 -->
        <test-method signature="TestCase4()[pri:0, instance:module1.Topic2@7671cb68]" started-at="2022-07-30T17:39:15 IST" name="TestCase4" finished-at="2022-07-30T17:39:15 IST" duration-ms="3" status="PASS">
          <reporter-output>
          </reporter-output>
        </test-method> <!-- TestCase4 -->
      </class> <!-- module1.Topic2 -->
      <class name="module1.Topic3">
        <test-method signature="data()[pri:0, instance:module1.Topic3@68c72235]" started-at="2022-07-30T17:39:15 IST" name="data" finished-at="2022-07-30T17:39:15 IST" duration-ms="2" status="PASS">
          <reporter-output>
          </reporter-output>
        </test-method> <!-- data -->
        <test-method signature="demo()[pri:0, instance:module1.Topic3@68c72235]" started-at="2022-07-30T17:39:15 IST" name="demo" finished-at="2022-07-30T17:39:15 IST" duration-ms="1" status="PASS">
          <reporter-output>
          </reporter-output>
        </test-method> <!-- demo -->
      </class> <!-- module1.Topic3 -->
      <class name="module1.Topic4">
        <test-method signature="TestCase7()[pri:0, instance:module1.Topic4@10959ece]" started-at="2022-07-30T17:39:15 IST" name="TestCase7" finished-at="2022-07-30T17:39:15 IST" duration-ms="1" status="PASS">
          <reporter-output>
          </reporter-output>
        </test-method> <!-- TestCase7 -->
        <test-method signature="TestCase8()[pri:0, instance:module1.Topic4@10959ece]" started-at="2022-07-30T17:39:15 IST" name="TestCase8" finished-at="2022-07-30T17:39:15 IST" duration-ms="1" status="PASS">
          <reporter-output>
          </reporter-output>
        </test-method> <!-- TestCase8 -->
      </class> <!-- module1.Topic4 -->
      <class name="module1.Topic1">
        <test-method signature="TestCase1()[pri:0, instance:module1.Topic1@3541cb24]" started-at="2022-07-30T17:39:15 IST" name="TestCase1" finished-at="2022-07-30T17:39:15 IST" duration-ms="19" status="PASS">
          <reporter-output>
          </reporter-output>
        </test-method> <!-- TestCase1 -->
        <test-method signature="TestCase2()[pri:0, instance:module1.Topic1@3541cb24]" started-at="2022-07-30T17:39:15 IST" name="TestCase2" finished-at="2022-07-30T17:39:15 IST" duration-ms="2" status="PASS">
          <reporter-output>
          </reporter-output>
        </test-method> <!-- TestCase2 -->
      </class> <!-- module1.Topic1 -->
    </test> <!-- Loan Dept -->
  </suite> <!-- Banking -->
</testng-results>
